<?xml version="1.0" encoding="UTF-8"?>
<!-- Generated by org.testng.reporters.JUnitXMLReporter -->
<testsuite hostname="AltMac08.local" failures="1" tests="12" name="Command line test" time="42.25" errors="0" timestamp="8 Mar 2022 08:44:45 GMT">
  <testcase classname="GamePlayTest" name="testAvoidingObstacles" time="0.637"/>
  <testcase classname="GamePlayTest" name="testGameCanBePausedAndResumed" time="1.176"/>
  <testcase classname="GamePlayTest" name="testGameCanBePausedAndStopped" time="1.198"/>
  <testcase classname="GamePlayTest" name="testGamePlayDisplayedCorrectly" time="0.434"/>
  <testcase classname="GamePlayTest" name="testPlayerDiesWhenObstacleNotAvoided" time="16.552"/>
  <testcase classname="MainMenuTest" name="TestMainPageLoadedCorrectly" time="0.73"/>
  <testcase classname="ShopTest" name="ShopPageLoadedCorrectly" time="0.948"/>
  <testcase classname="ShopTest" name="testPremiumPopUpClosed" time="3.163"/>
  <testcase classname="ShopTest" name="testPremiumPopUpOpen" time="0.42"/>
  <testcase classname="ShopTest" name="testShopPageCanBeClosed" time="1.989"/>
  <testcase classname="StartPageTest" name="testStartButtonLoadMainMenu" time="1.449"/>
  <testcase classname="StartPageTest" name="testStartPageLoadedCorrectly" time="6.082">
    <failure type="ro.altom.altunitytester.altUnityTesterExceptions.WaitTimeOutException" message="Element //UnityURLButton still not found after 5.0 seconds">
      <![CDATA[ro.altom.altunitytester.altUnityTesterExceptions.WaitTimeOutException: Element //UnityURLButton still not found after 5.0 seconds
	at ro.altom.altunitytester.Commands.FindObject.AltWaitForObject.Execute(AltWaitForObject.java:42)
	at ro.altom.altunitytester.AltUnityDriver.waitForObject(AltUnityDriver.java:362)
	at pages.StartPage.getUnityURLButton(StartPage.java:61)
	at StartPageTest.testStartPageLoadedCorrectly(StartPageTest.java:40)
	at org.apache.maven.surefire.testng.TestNGExecutor.run(TestNGExecutor.java:77)
	at org.apache.maven.surefire.testng.TestNGDirectoryTestSuite.executeMulti(TestNGDirectoryTestSuite.java:159)
	at org.apache.maven.surefire.testng.TestNGDirectoryTestSuite.execute(TestNGDirectoryTestSuite.java:99)
	at org.apache.maven.surefire.testng.TestNGProvider.invoke(TestNGProvider.java:106)
	at org.apache.maven.surefire.util.ReflectionUtils.invokeMethodWithArray(ReflectionUtils.java:189)
	at org.apache.maven.surefire.booter.ProviderFactory$ProviderProxy.invoke(ProviderFactory.java:165)
	at org.apache.maven.surefire.booter.ProviderFactory.invokeProvider(ProviderFactory.java:85)
	at org.apache.maven.surefire.booter.ForkedBooter.runSuitesInProcess(ForkedBooter.java:115)
	at org.apache.maven.surefire.booter.ForkedBooter.main(ForkedBooter.java:75)
... Removed 25 stack frames]]>
    </failure>
  </testcase> <!-- testStartPageLoadedCorrectly -->
</testsuite> <!-- Command line test -->
