<html>
<head>
<title>TestNG:  Command line test</title>
<link href="../testng.css" rel="stylesheet" type="text/css" />
<link href="../my-testng.css" rel="stylesheet" type="text/css" />

<style type="text/css">
.log { display: none;} 
.stack-trace { display: none;} 
</style>
<script type="text/javascript">
<!--
function flip(e) {
  current = e.style.display;
  if (current == 'block') {
    e.style.display = 'none';
    return 0;
  }
  else {
    e.style.display = 'block';
    return 1;
  }
}

function toggleBox(szDivId, elem, msg1, msg2)
{
  var res = -1;  if (document.getElementById) {
    res = flip(document.getElementById(szDivId));
  }
  else if (document.all) {
    // this is the way old msie versions work
    res = flip(document.all[szDivId]);
  }
  if(elem) {
    if(res == 0) elem.innerHTML = msg1; else elem.innerHTML = msg2;
  }

}

function toggleAllBoxes() {
  if (document.getElementsByTagName) {
    d = document.getElementsByTagName('div');
    for (i = 0; i < d.length; i++) {
      if (d[i].className == 'log') {
        flip(d[i]);
      }
    }
  }
}

// -->
</script>

</head>
<body>
<h2 align='center'>Command line test</h2><table border='1' align="center">
<tr>
<td>Tests passed/Failed/Skipped:</td><td>11/1/0</td>
</tr><tr>
<td>Started on:</td><td>Tue Mar 08 10:43:58 EET 2022</td>
</tr>
<tr><td>Total time:</td><td>42 seconds (42250 ms)</td>
</tr><tr>
<td>Included groups:</td><td></td>
</tr><tr>
<td>Excluded groups:</td><td></td>
</tr>
</table><p/>
<small><i>(Hover the method name to see the test class name)</i></small><p/>
<table width='100%' border='1' class='invocation-failed'>
<tr><td colspan='4' align='center'><b>FAILED TESTS</b></td></tr>
<tr><td><b>Test method</b></td>
<td width="30%"><b>Exception</b></td>
<td width="10%"><b>Time (seconds)</b></td>
<td><b>Instance</b></td>
</tr>
<tr>
<td title='StartPageTest.testStartPageLoadedCorrectly()'><b>testStartPageLoadedCorrectly</b><br>Test class: StartPageTest</td>
<td><div><pre>ro.altom.altunitytester.altUnityTesterExceptions.WaitTimeOutException: Element //UnityURLButton still not found after 5.0 seconds
	at ro.altom.altunitytester.Commands.FindObject.AltWaitForObject.Execute(AltWaitForObject.java:42)
	at ro.altom.altunitytester.AltUnityDriver.waitForObject(AltUnityDriver.java:362)
	at pages.StartPage.getUnityURLButton(StartPage.java:61)
	at StartPageTest.testStartPageLoadedCorrectly(StartPageTest.java:40)
	at org.apache.maven.surefire.testng.TestNGExecutor.run(TestNGExecutor.java:77)
	at org.apache.maven.surefire.testng.TestNGDirectoryTestSuite.executeMulti(TestNGDirectoryTestSuite.java:159)
	at org.apache.maven.surefire.testng.TestNGDirectoryTestSuite.execute(TestNGDirectoryTestSuite.java:99)
	at org.apache.maven.surefire.testng.TestNGProvider.invoke(TestNGProvider.java:106)
	at org.apache.maven.surefire.util.ReflectionUtils.invokeMethodWithArray(ReflectionUtils.java:189)
	at org.apache.maven.surefire.booter.ProviderFactory$ProviderProxy.invoke(ProviderFactory.java:165)
	at org.apache.maven.surefire.booter.ProviderFactory.invokeProvider(ProviderFactory.java:85)
	at org.apache.maven.surefire.booter.ForkedBooter.runSuitesInProcess(ForkedBooter.java:115)
	at org.apache.maven.surefire.booter.ForkedBooter.main(ForkedBooter.java:75)
... Removed 25 stack frames</pre></div><a href='#' onClick='toggleBox("stack-trace1688851596", this, "Click to show all stack frames", "Click to hide stack frames")'>Click to show all stack frames</a>
<div class='stack-trace' id='stack-trace1688851596'><pre>ro.altom.altunitytester.altUnityTesterExceptions.WaitTimeOutException: Element //UnityURLButton still not found after 5.0 seconds
	at ro.altom.altunitytester.Commands.FindObject.AltWaitForObject.Execute(AltWaitForObject.java:42)
	at ro.altom.altunitytester.AltUnityDriver.waitForObject(AltUnityDriver.java:362)
	at pages.StartPage.getUnityURLButton(StartPage.java:61)
	at StartPageTest.testStartPageLoadedCorrectly(StartPageTest.java:40)
	at java.base/jdk.internal.reflect.NativeMethodAccessorImpl.invoke0(Native Method)
	at java.base/jdk.internal.reflect.NativeMethodAccessorImpl.invoke(NativeMethodAccessorImpl.java:62)
	at java.base/jdk.internal.reflect.DelegatingMethodAccessorImpl.invoke(DelegatingMethodAccessorImpl.java:43)
	at java.base/java.lang.reflect.Method.invoke(Method.java:566)
	at org.testng.internal.MethodInvocationHelper.invokeMethod(MethodInvocationHelper.java:80)
	at org.testng.internal.Invoker.invokeMethod(Invoker.java:714)
	at org.testng.internal.Invoker.invokeTestMethod(Invoker.java:901)
	at org.testng.internal.Invoker.invokeTestMethods(Invoker.java:1231)
	at org.testng.internal.TestMethodWorker.invokeTestMethods(TestMethodWorker.java:127)
	at org.testng.internal.TestMethodWorker.run(TestMethodWorker.java:111)
	at org.testng.TestRunner.privateRun(TestRunner.java:767)
	at org.testng.TestRunner.run(TestRunner.java:617)
	at org.testng.SuiteRunner.runTest(SuiteRunner.java:334)
	at org.testng.SuiteRunner.runSequentially(SuiteRunner.java:329)
	at org.testng.SuiteRunner.privateRun(SuiteRunner.java:291)
	at org.testng.SuiteRunner.run(SuiteRunner.java:240)
	at org.testng.SuiteRunnerWorker.runSuite(SuiteRunnerWorker.java:52)
	at org.testng.SuiteRunnerWorker.run(SuiteRunnerWorker.java:86)
	at org.testng.TestNG.runSuitesSequentially(TestNG.java:1198)
	at org.testng.TestNG.runSuitesLocally(TestNG.java:1123)
	at org.testng.TestNG.run(TestNG.java:1031)
	at org.apache.maven.surefire.testng.TestNGExecutor.run(TestNGExecutor.java:77)
	at org.apache.maven.surefire.testng.TestNGDirectoryTestSuite.executeMulti(TestNGDirectoryTestSuite.java:159)
	at org.apache.maven.surefire.testng.TestNGDirectoryTestSuite.execute(TestNGDirectoryTestSuite.java:99)
	at org.apache.maven.surefire.testng.TestNGProvider.invoke(TestNGProvider.java:106)
	at java.base/jdk.internal.reflect.NativeMethodAccessorImpl.invoke0(Native Method)
	at java.base/jdk.internal.reflect.NativeMethodAccessorImpl.invoke(NativeMethodAccessorImpl.java:62)
	at java.base/jdk.internal.reflect.DelegatingMethodAccessorImpl.invoke(DelegatingMethodAccessorImpl.java:43)
	at java.base/java.lang.reflect.Method.invoke(Method.java:566)
	at org.apache.maven.surefire.util.ReflectionUtils.invokeMethodWithArray(ReflectionUtils.java:189)
	at org.apache.maven.surefire.booter.ProviderFactory$ProviderProxy.invoke(ProviderFactory.java:165)
	at org.apache.maven.surefire.booter.ProviderFactory.invokeProvider(ProviderFactory.java:85)
	at org.apache.maven.surefire.booter.ForkedBooter.runSuitesInProcess(ForkedBooter.java:115)
	at org.apache.maven.surefire.booter.ForkedBooter.main(ForkedBooter.java:75)
</pre></div></td>
<td>6</td>
<td>StartPageTest@1534f01b</td></tr>
</table><p>
<table width='100%' border='1' class='invocation-passed'>
<tr><td colspan='4' align='center'><b>PASSED TESTS</b></td></tr>
<tr><td><b>Test method</b></td>
<td width="30%"><b>Exception</b></td>
<td width="10%"><b>Time (seconds)</b></td>
<td><b>Instance</b></td>
</tr>
<tr>
<td title='ShopTest.ShopPageLoadedCorrectly()'><b>ShopPageLoadedCorrectly</b><br>Test class: ShopTest</td>
<td></td>
<td>0</td>
<td>ShopTest@78e117e3</td></tr>
<tr>
<td title='MainMenuTest.TestMainPageLoadedCorrectly()'><b>TestMainPageLoadedCorrectly</b><br>Test class: MainMenuTest</td>
<td></td>
<td>0</td>
<td>MainMenuTest@65466a6a</td></tr>
<tr>
<td title='GamePlayTest.testAvoidingObstacles()'><b>testAvoidingObstacles</b><br>Test class: GamePlayTest</td>
<td></td>
<td>0</td>
<td>GamePlayTest@1e802ef9</td></tr>
<tr>
<td title='GamePlayTest.testGameCanBePausedAndResumed()'><b>testGameCanBePausedAndResumed</b><br>Test class: GamePlayTest</td>
<td></td>
<td>1</td>
<td>GamePlayTest@1e802ef9</td></tr>
<tr>
<td title='GamePlayTest.testGameCanBePausedAndStopped()'><b>testGameCanBePausedAndStopped</b><br>Test class: GamePlayTest</td>
<td></td>
<td>1</td>
<td>GamePlayTest@1e802ef9</td></tr>
<tr>
<td title='GamePlayTest.testGamePlayDisplayedCorrectly()'><b>testGamePlayDisplayedCorrectly</b><br>Test class: GamePlayTest</td>
<td></td>
<td>0</td>
<td>GamePlayTest@1e802ef9</td></tr>
<tr>
<td title='GamePlayTest.testPlayerDiesWhenObstacleNotAvoided()'><b>testPlayerDiesWhenObstacleNotAvoided</b><br>Test class: GamePlayTest</td>
<td></td>
<td>16</td>
<td>GamePlayTest@1e802ef9</td></tr>
<tr>
<td title='ShopTest.testPremiumPopUpClosed()'><b>testPremiumPopUpClosed</b><br>Test class: ShopTest</td>
<td></td>
<td>3</td>
<td>ShopTest@78e117e3</td></tr>
<tr>
<td title='ShopTest.testPremiumPopUpOpen()'><b>testPremiumPopUpOpen</b><br>Test class: ShopTest</td>
<td></td>
<td>0</td>
<td>ShopTest@78e117e3</td></tr>
<tr>
<td title='ShopTest.testShopPageCanBeClosed()'><b>testShopPageCanBeClosed</b><br>Test class: ShopTest</td>
<td></td>
<td>1</td>
<td>ShopTest@78e117e3</td></tr>
<tr>
<td title='StartPageTest.testStartButtonLoadMainMenu()'><b>testStartButtonLoadMainMenu</b><br>Test class: StartPageTest</td>
<td></td>
<td>1</td>
<td>StartPageTest@1534f01b</td></tr>
</table><p>
</body>
</html>